# JRE version: OpenJDK Runtime Environment (8.0_432-b06) (build 1.8.0_432-b06)
# Java VM: OpenJDK 64-Bit Server VM (25.432-b06 mixed mode windows-amd64 compressed oops)
Heap:
 PSYoungGen      total 75776K, used 26642K [0x00000000d5580000, 0x00000000daa00000, 0x0000000100000000)
  eden space 65024K, 26% used [0x00000000d5580000,0x00000000d6629938,0x00000000d9500000)
  from space 10752K, 89% used [0x00000000d9f80000,0x00000000da8db1c0,0x00000000daa00000)
  to   space 10752K, 0% used [0x00000000d9500000,0x00000000d9500000,0x00000000d9f80000)
 ParOldGen       total 173568K, used 40K [0x0000000080000000, 0x000000008a980000, 0x00000000d5580000)
  object space 173568K, 0% used [0x0000000080000000,0x000000008000a000,0x000000008a980000)
 Metaspace       used 16851K, capacity 17580K, committed 17920K, reserved 1064960K
  class space    used 2300K, capacity 2458K, committed 2560K, reserved 1048576K
GC Heap History (8 events):
Event: 4.038 GC heap before
{Heap before GC invocations=1 (full 0):
 PSYoungGen      total 75776K, used 65024K [0x00000000d5580000, 0x00000000daa00000, 0x0000000100000000)
  eden space 65024K, 100% used [0x00000000d5580000,0x00000000d9500000,0x00000000d9500000)
  from space 10752K, 0% used [0x00000000d9f80000,0x00000000d9f80000,0x00000000daa00000)
  to   space 10752K, 0% used [0x00000000d9500000,0x00000000d9500000,0x00000000d9f80000)
 ParOldGen       total 173568K, used 0K [0x0000000080000000, 0x000000008a980000, 0x00000000d5580000)
  object space 173568K, 0% used [0x0000000080000000,0x0000000080000000,0x000000008a980000)
 Metaspace       used 7391K, capacity 7594K, committed 7808K, reserved 1056768K
  class space    used 934K, capacity 1025K, committed 1152K, reserved 1048576K
Event: 4.051 GC heap after
Heap after GC invocations=1 (full 0):
 PSYoungGen      total 75776K, used 4409K [0x00000000d5580000, 0x00000000daa00000, 0x0000000100000000)
  eden space 65024K, 0% used [0x00000000d5580000,0x00000000d5580000,0x00000000d9500000)
  from space 10752K, 41% used [0x00000000d9500000,0x00000000d994e770,0x00000000d9f80000)
  to   space 10752K, 0% used [0x00000000d9f80000,0x00000000d9f80000,0x00000000daa00000)
 ParOldGen       total 173568K, used 16K [0x0000000080000000, 0x000000008a980000, 0x00000000d5580000)
  object space 173568K, 0% used [0x0000000080000000,0x0000000080004000,0x000000008a980000)
 Metaspace       used 7391K, capacity 7594K, committed 7808K, reserved 1056768K
  class space    used 934K, capacity 1025K, committed 1152K, reserved 1048576K
}
Event: 6.147 GC heap before
{Heap before GC invocations=2 (full 0):
 PSYoungGen      total 75776K, used 69433K [0x00000000d5580000, 0x00000000daa00000, 0x0000000100000000)
  eden space 65024K, 100% used [0x00000000d5580000,0x00000000d9500000,0x00000000d9500000)
  from space 10752K, 41% used [0x00000000d9500000,0x00000000d994e770,0x00000000d9f80000)
  to   space 10752K, 0% used [0x00000000d9f80000,0x00000000d9f80000,0x00000000daa00000)
 ParOldGen       total 173568K, used 16K [0x0000000080000000, 0x000000008a980000, 0x00000000d5580000)
  object space 173568K, 0% used [0x0000000080000000,0x0000000080004000,0x000000008a980000)
 Metaspace       used 8076K, capacity 8336K, committed 8576K, reserved 1056768K
  class space    used 1012K, capacity 1122K, committed 1152K, reserved 1048576K
Event: 6.161 GC heap after
Heap after GC invocations=2 (full 0):
 PSYoungGen      total 75776K, used 5400K [0x00000000d5580000, 0x00000000daa00000, 0x0000000100000000)
  eden space 65024K, 0% used [0x00000000d5580000,0x00000000d5580000,0x00000000d9500000)
  from space 10752K, 50% used [0x00000000d9f80000,0x00000000da4c62a8,0x00000000daa00000)
  to   space 10752K, 0% used [0x00000000d9500000,0x00000000d9500000,0x00000000d9f80000)
 ParOldGen       total 173568K, used 24K [0x0000000080000000, 0x000000008a980000, 0x00000000d5580000)
  object space 173568K, 0% used [0x0000000080000000,0x0000000080006000,0x000000008a980000)
 Metaspace       used 8076K, capacity 8336K, committed 8576K, reserved 1056768K
  class space    used 1012K, capacity 1122K, committed 1152K, reserved 1048576K
}
Event: 7.626 GC heap before
{Heap before GC invocations=3 (full 0):
 PSYoungGen      total 75776K, used 70424K [0x00000000d5580000, 0x00000000daa00000, 0x0000000100000000)
  eden space 65024K, 100% used [0x00000000d5580000,0x00000000d9500000,0x00000000d9500000)
  from space 10752K, 50% used [0x00000000d9f80000,0x00000000da4c62a8,0x00000000daa00000)
  to   space 10752K, 0% used [0x00000000d9500000,0x00000000d9500000,0x00000000d9f80000)
 ParOldGen       total 173568K, used 24K [0x0000000080000000, 0x000000008a980000, 0x00000000d5580000)
  object space 173568K, 0% used [0x0000000080000000,0x0000000080006000,0x000000008a980000)
 Metaspace       used 9479K, capacity 9724K, committed 9856K, reserved 1058816K
  class space    used 1238K, capacity 1326K, committed 1408K, reserved 1048576K
Event: 7.633 GC heap after
Heap after GC invocations=3 (full 0):
 PSYoungGen      total 75776K, used 6837K [0x00000000d5580000, 0x00000000daa00000, 0x0000000100000000)
  eden space 65024K, 0% used [0x00000000d5580000,0x00000000d5580000,0x00000000d9500000)
  from space 10752K, 63% used [0x00000000d9500000,0x00000000d9bad7d0,0x00000000d9f80000)
  to   space 10752K, 0% used [0x00000000d9f80000,0x00000000d9f80000,0x00000000daa00000)
 ParOldGen       total 173568K, used 32K [0x0000000080000000, 0x000000008a980000, 0x00000000d5580000)
  object space 173568K, 0% used [0x0000000080000000,0x0000000080008000,0x000000008a980000)
 Metaspace       used 9479K, capacity 9724K, committed 9856K, reserved 1058816K
  class space    used 1238K, capacity 1326K, committed 1408K, reserved 1048576K
}
Event: 11.995 GC heap before
{Heap before GC invocations=4 (full 0):
 PSYoungGen      total 75776K, used 71861K [0x00000000d5580000, 0x00000000daa00000, 0x0000000100000000)
  eden space 65024K, 100% used [0x00000000d5580000,0x00000000d9500000,0x00000000d9500000)
  from space 10752K, 63% used [0x00000000d9500000,0x00000000d9bad7d0,0x00000000d9f80000)
  to   space 10752K, 0% used [0x00000000d9f80000,0x00000000d9f80000,0x00000000daa00000)
 ParOldGen       total 173568K, used 32K [0x0000000080000000, 0x000000008a980000, 0x00000000d5580000)
  object space 173568K, 0% used [0x0000000080000000,0x0000000080008000,0x000000008a980000)
 Metaspace       used 15537K, capacity 16026K, committed 16128K, reserved 1062912K
  class space    used 2088K, capacity 2219K, committed 2304K, reserved 1048576K
Event: 12.009 GC heap after
Heap after GC invocations=4 (full 0):
 PSYoungGen      total 75776K, used 9580K [0x00000000d5580000, 0x00000000daa00000, 0x0000000100000000)
  eden space 65024K, 0% used [0x00000000d5580000,0x00000000d5580000,0x00000000d9500000)
  from space 10752K, 89% used [0x00000000d9f80000,0x00000000da8db1c0,0x00000000daa00000)
  to   space 10752K, 0% used [0x00000000d9500000,0x00000000d9500000,0x00000000d9f80000)
 ParOldGen       total 173568K, used 40K [0x0000000080000000, 0x000000008a980000, 0x00000000d5580000)
  object space 173568K, 0% used [0x0000000080000000,0x000000008000a000,0x000000008a980000)
 Metaspace       used 15537K, capacity 16026K, committed 16128K, reserved 1062912K
  class space    used 2088K, capacity 2219K, committed 2304K, reserved 1048576K
}

